<?xml version="1.0" encoding="UTF-8"?>
<testsuite xmlns:xsi="http://www.w3.org/2001/XMLSchema-instance" xsi:noNamespaceSchemaLocation="https://maven.apache.org/surefire/maven-surefire-plugin/xsd/surefire-test-report-3.0.xsd" version="3.0" name="testRunners.AmazonTest" time="0.026" tests="2" errors="0" skipped="0" failures="0">
  <properties>
    <property name="java.specification.version" value="19"/>
    <property name="sun.jnu.encoding" value="UTF-8"/>
    <property name="java.class.path" value="/Users/akmal360/git/CucumberJunit/target/test-classes:/Users/akmal360/git/CucumberJunit/target/classes:/Users/akmal360/.m2/repository/io/cucumber/cucumber-java/7.8.1/cucumber-java-7.8.1.jar:/Users/akmal360/.m2/repository/io/cucumber/cucumber-core/7.8.1/cucumber-core-7.8.1.jar:/Users/akmal360/.m2/repository/io/cucumber/cucumber-gherkin/7.8.1/cucumber-gherkin-7.8.1.jar:/Users/akmal360/.m2/repository/io/cucumber/cucumber-gherkin-messages/7.8.1/cucumber-gherkin-messages-7.8.1.jar:/Users/akmal360/.m2/repository/io/cucumber/gherkin/24.0.0/gherkin-24.0.0.jar:/Users/akmal360/.m2/repository/io/cucumber/messages/19.1.4/messages-19.1.4.jar:/Users/akmal360/.m2/repository/io/cucumber/tag-expressions/4.1.0/tag-expressions-4.1.0.jar:/Users/akmal360/.m2/repository/io/cucumber/cucumber-expressions/16.0.0/cucumber-expressions-16.0.0.jar:/Users/akmal360/.m2/repository/io/cucumber/datatable/7.8.1/datatable-7.8.1.jar:/Users/akmal360/.m2/repository/io/cucumber/cucumber-plugin/7.8.1/cucumber-plugin-7.8.1.jar:/Users/akmal360/.m2/repository/io/cucumber/docstring/7.8.1/docstring-7.8.1.jar:/Users/akmal360/.m2/repository/io/cucumber/html-formatter/20.1.0/html-formatter-20.1.0.jar:/Users/akmal360/.m2/repository/io/cucumber/ci-environment/9.1.0/ci-environment-9.1.0.jar:/Users/akmal360/.m2/repository/org/apiguardian/apiguardian-api/1.1.2/apiguardian-api-1.1.2.jar:/Users/akmal360/.m2/repository/io/cucumber/cucumber-junit/7.8.1/cucumber-junit-7.8.1.jar:/Users/akmal360/.m2/repository/junit/junit/4.13.2/junit-4.13.2.jar:/Users/akmal360/.m2/repository/org/hamcrest/hamcrest-core/1.3/hamcrest-core-1.3.jar:"/>
    <property name="java.vm.vendor" value="Oracle Corporation"/>
    <property name="sun.arch.data.model" value="64"/>
    <property name="java.vendor.url" value="https://java.oracle.com/"/>
    <property name="user.timezone" value="America/New_York"/>
    <property name="os.name" value="Mac OS X"/>
    <property name="java.vm.specification.version" value="19"/>
    <property name="sun.java.launcher" value="SUN_STANDARD"/>
    <property name="user.country" value="US"/>
    <property name="sun.boot.library.path" value="/Library/Java/JavaVirtualMachines/jdk-19.jdk/Contents/Home/lib"/>
    <property name="sun.java.command" value="/Users/akmal360/git/CucumberJunit/target/surefire/surefirebooter-20221025022955889_3.jar /Users/akmal360/git/CucumberJunit/target/surefire 2022-10-25T02-29-55_597-jvmRun1 surefire-20221025022955889_1tmp surefire_0-20221025022955889_2tmp"/>
    <property name="http.nonProxyHosts" value="local|*.local|169.254/16|*.169.254/16"/>
    <property name="jdk.debug" value="release"/>
    <property name="surefire.test.class.path" value="/Users/akmal360/git/CucumberJunit/target/test-classes:/Users/akmal360/git/CucumberJunit/target/classes:/Users/akmal360/.m2/repository/io/cucumber/cucumber-java/7.8.1/cucumber-java-7.8.1.jar:/Users/akmal360/.m2/repository/io/cucumber/cucumber-core/7.8.1/cucumber-core-7.8.1.jar:/Users/akmal360/.m2/repository/io/cucumber/cucumber-gherkin/7.8.1/cucumber-gherkin-7.8.1.jar:/Users/akmal360/.m2/repository/io/cucumber/cucumber-gherkin-messages/7.8.1/cucumber-gherkin-messages-7.8.1.jar:/Users/akmal360/.m2/repository/io/cucumber/gherkin/24.0.0/gherkin-24.0.0.jar:/Users/akmal360/.m2/repository/io/cucumber/messages/19.1.4/messages-19.1.4.jar:/Users/akmal360/.m2/repository/io/cucumber/tag-expressions/4.1.0/tag-expressions-4.1.0.jar:/Users/akmal360/.m2/repository/io/cucumber/cucumber-expressions/16.0.0/cucumber-expressions-16.0.0.jar:/Users/akmal360/.m2/repository/io/cucumber/datatable/7.8.1/datatable-7.8.1.jar:/Users/akmal360/.m2/repository/io/cucumber/cucumber-plugin/7.8.1/cucumber-plugin-7.8.1.jar:/Users/akmal360/.m2/repository/io/cucumber/docstring/7.8.1/docstring-7.8.1.jar:/Users/akmal360/.m2/repository/io/cucumber/html-formatter/20.1.0/html-formatter-20.1.0.jar:/Users/akmal360/.m2/repository/io/cucumber/ci-environment/9.1.0/ci-environment-9.1.0.jar:/Users/akmal360/.m2/repository/org/apiguardian/apiguardian-api/1.1.2/apiguardian-api-1.1.2.jar:/Users/akmal360/.m2/repository/io/cucumber/cucumber-junit/7.8.1/cucumber-junit-7.8.1.jar:/Users/akmal360/.m2/repository/junit/junit/4.13.2/junit-4.13.2.jar:/Users/akmal360/.m2/repository/org/hamcrest/hamcrest-core/1.3/hamcrest-core-1.3.jar:"/>
    <property name="sun.cpu.endian" value="little"/>
    <property name="user.home" value="/Users/akmal360"/>
    <property name="user.language" value="en"/>
    <property name="java.specification.vendor" value="Oracle Corporation"/>
    <property name="java.version.date" value="2022-10-18"/>
    <property name="java.home" value="/Library/Java/JavaVirtualMachines/jdk-19.jdk/Contents/Home"/>
    <property name="file.separator" value="/"/>
    <property name="basedir" value="/Users/akmal360/git/CucumberJunit"/>
    <property name="style.color" value="always"/>
    <property name="java.vm.compressedOopsMode" value="Zero based"/>
    <property name="line.separator" value="&#10;"/>
    <property name="java.vm.specification.vendor" value="Oracle Corporation"/>
    <property name="java.specification.name" value="Java Platform API Specification"/>
    <property name="apple.awt.application.name" value="ForkedBooter"/>
    <property name="surefire.real.class.path" value="/Users/akmal360/git/CucumberJunit/target/surefire/surefirebooter-20221025022955889_3.jar"/>
    <property name="sun.management.compiler" value="HotSpot 64-Bit Tiered Compilers"/>
    <property name="ftp.nonProxyHosts" value="local|*.local|169.254/16|*.169.254/16"/>
    <property name="java.runtime.version" value="19.0.1+10-21"/>
    <property name="user.name" value="akmal360"/>
    <property name="stdout.encoding" value="UTF-8"/>
    <property name="path.separator" value=":"/>
    <property name="os.version" value="12.6"/>
    <property name="java.runtime.name" value="Java(TM) SE Runtime Environment"/>
    <property name="file.encoding" value="UTF-8"/>
    <property name="java.vm.name" value="Java HotSpot(TM) 64-Bit Server VM"/>
    <property name="localRepository" value="/Users/akmal360/.m2/repository"/>
    <property name="java.vendor.url.bug" value="https://bugreport.java.com/bugreport/"/>
    <property name="java.io.tmpdir" value="/var/folders/71/650z4rvn18183l86dhj11q7w0000gn/T/"/>
    <property name="java.version" value="19.0.1"/>
    <property name="user.dir" value="/Users/akmal360/git/CucumberJunit"/>
    <property name="os.arch" value="x86_64"/>
    <property name="java.vm.specification.name" value="Java Virtual Machine Specification"/>
    <property name="native.encoding" value="UTF-8"/>
    <property name="java.library.path" value="/Users/akmal360/Library/Java/Extensions:/Library/Java/Extensions:/Network/Library/Java/Extensions:/System/Library/Java/Extensions:/usr/lib/java:."/>
    <property name="java.vm.info" value="mixed mode, sharing"/>
    <property name="stderr.encoding" value="UTF-8"/>
    <property name="java.vendor" value="Oracle Corporation"/>
    <property name="java.vm.version" value="19.0.1+10-21"/>
    <property name="sun.io.unicode.encoding" value="UnicodeBig"/>
    <property name="socksNonProxyHosts" value="local|*.local|169.254/16|*.169.254/16"/>
    <property name="java.class.version" value="63.0"/>
  </properties>
  <testcase name="Amazon search products #1" classname="Amazon searching" time="0.007">
    <system-out><![CDATA[
Scenario: Amazon search products                                 &amp#27;[90m# src/test/resources/appsFeature/Search.feature:3&amp#27;[0m
Step 1: Launching URL
  &amp#27;[32mGiven &amp#27;[0m&amp#27;[32mI want to write a step with search on Amazon page&amp#27;[0m        &amp#27;[90m# stepDefinations.SearchSteps.i_want_to_write_a_step_with_search_on_amazon_page()&amp#27;[0m
Step 2: ProductName: Apple phonePrice1200
  &amp#27;[32mWhen &amp#27;[0m&amp#27;[32mI search for product with &amp#27;[0m&amp#27;[32m&amp#27;[1m"Apple phone"&amp#27;[0m&amp#27;[32m and price is &amp#27;[0m&amp#27;[32m&amp#27;[1m1200&amp#27;[0m &amp#27;[90m# stepDefinations.SearchSteps.i_search_for_product_with_and_price_is(java.lang.String,java.lang.Integer)&amp#27;[0m
Step 3: ProductName:Apple phone
Searched product namenull
  &amp#27;[32mThen &amp#27;[0m&amp#27;[32mproduct with name &amp#27;[0m&amp#27;[32m&amp#27;[1m"Apple phone"&amp#27;[0m&amp#27;[32m should displayed&amp#27;[0m          &amp#27;[90m# stepDefinations.SearchSteps.product_with_name_should_displayed(java.lang.String)&amp#27;[0m
  &amp#27;[32mThen &amp#27;[0m&amp#27;[32mOrder is is &amp#27;[0m&amp#27;[32m&amp#27;[1m123456&amp#27;[0m&amp#27;[32m and user name is &amp#27;[0m&amp#27;[32m&amp#27;[1m"Akmal"&amp#27;[0m               &amp#27;[90m# stepDefinations.SearchSteps.order_is_is_and_user_name_is(java.lang.Integer,java.lang.String)&amp#27;[0m
]]></system-out>
  </testcase>
  <testcase name="Amazon search products #2" classname="Amazon searching" time="0.011">
    <system-out><![CDATA[
Scenario: Amazon search products                               &amp#27;[90m# src/test/resources/appsFeature/Search.feature:9&amp#27;[0m
Step 1: Launching URL
  &amp#27;[32mGiven &amp#27;[0m&amp#27;[32mI want to write a step with search on Amazon page&amp#27;[0m      &amp#27;[90m# stepDefinations.SearchSteps.i_want_to_write_a_step_with_search_on_amazon_page()&amp#27;[0m
Step 2: ProductName: Apple MacPrice2100
  &amp#27;[32mWhen &amp#27;[0m&amp#27;[32mI search for product with &amp#27;[0m&amp#27;[32m&amp#27;[1m"Apple Mac"&amp#27;[0m&amp#27;[32m and price is &amp#27;[0m&amp#27;[32m&amp#27;[1m2100&amp#27;[0m &amp#27;[90m# stepDefinations.SearchSteps.i_search_for_product_with_and_price_is(java.lang.String,java.lang.Integer)&amp#27;[0m
Step 3: ProductName:Apple Mac
Searched product nameApple Mac
  &amp#27;[32mThen &amp#27;[0m&amp#27;[32mproduct with name &amp#27;[0m&amp#27;[32m&amp#27;[1m"Apple Mac"&amp#27;[0m&amp#27;[32m should displayed&amp#27;[0m          &amp#27;[90m# stepDefinations.SearchSteps.product_with_name_should_displayed(java.lang.String)&amp#27;[0m
  &amp#27;[32mThen &amp#27;[0m&amp#27;[32mOrder is is &amp#27;[0m&amp#27;[32m&amp#27;[1m67890&amp#27;[0m&amp#27;[32m and user name is &amp#27;[0m&amp#27;[32m&amp#27;[1m"Akmal"&amp#27;[0m              &amp#27;[90m# stepDefinations.SearchSteps.order_is_is_and_user_name_is(java.lang.Integer,java.lang.String)&amp#27;[0m
]]></system-out>
  </testcase>
</testsuite>